[debug] [2025-07-18T17:06:36.246Z] ----------------------------------------------------------------------
[debug] [2025-07-18T17:06:36.250Z] Command:       C:\Program Files\nodejs\node.exe C:\Users\dell\AppData\Roaming\npm\node_modules\firebase-tools\lib\bin\firebase.js init hosting
[debug] [2025-07-18T17:06:36.250Z] CLI Version:   14.11.0
[debug] [2025-07-18T17:06:36.250Z] Platform:      win32
[debug] [2025-07-18T17:06:36.251Z] Node Version:  v22.14.0
[debug] [2025-07-18T17:06:36.251Z] Time:          Fri Jul 18 2025 22:06:36 GMT+0500 (Pakistan Standard Time)
[debug] [2025-07-18T17:06:36.251Z] ----------------------------------------------------------------------
[debug] 
[debug] [2025-07-18T17:06:36.667Z] > command requires scopes: ["email","openid","https://www.googleapis.com/auth/cloudplatformprojects.readonly","https://www.googleapis.com/auth/firebase","https://www.googleapis.com/auth/cloud-platform"]
[debug] [2025-07-18T17:06:36.668Z] > authorizing via signed-in user (muqadaszahid18@gmail.com)
[info] 
     ######## #### ########  ######## ########     ###     ######  ########
     ##        ##  ##     ## ##       ##     ##  ##   ##  ##       ##
     ######    ##  ########  ######   ########  #########  ######  ######
     ##        ##  ##    ##  ##       ##     ## ##     ##       ## ##
     ##       #### ##     ## ######## ########  ##     ##  ######  ########

You're about to initialize a Firebase project in this directory:

  C:\Users\dell\my-online-portfolio

Before we get started, keep in mind:

  * You are initializing within an existing Firebase project directory

[info] 
=== Project Setup
[info] 
[info] First, let's associate this project directory with a Firebase project.
[info] You can create multiple project aliases by running firebase use --add, 
[info] but for now we'll just set up a default project.
[info] 
[debug] [2025-07-18T17:06:36.750Z] Using project from CLI flag: my-portfolio-fff3e
[debug] [2025-07-18T17:06:36.754Z] Checked if tokens are valid: true, expires at: 1752861822110
[debug] [2025-07-18T17:06:36.754Z] Checked if tokens are valid: true, expires at: 1752861822110
[debug] [2025-07-18T17:06:36.759Z] >>> [apiv2][query] GET https://firebase.googleapis.com/v1beta1/projects/my-portfolio-fff3e [none]
[debug] [2025-07-18T17:06:38.277Z] <<< [apiv2][status] GET https://firebase.googleapis.com/v1beta1/projects/my-portfolio-fff3e 200
[debug] [2025-07-18T17:06:38.278Z] <<< [apiv2][body] GET https://firebase.googleapis.com/v1beta1/projects/my-portfolio-fff3e {"projectId":"my-portfolio-fff3e","projectNumber":"17564265822","displayName":"my-portfolio","name":"projects/my-portfolio-fff3e","resources":{"hostingSite":"my-portfolio-fff3e"},"state":"ACTIVE","etag":"1_ce62a6b0-14ee-4626-a48a-1b0debb424d6"}
[info] i  Using project my-portfolio-fff3e (my-portfolio) 
[info] 
=== Hosting Setup
[debug] [2025-07-18T17:06:38.297Z] Checked if tokens are valid: true, expires at: 1752861822110
[debug] [2025-07-18T17:06:38.298Z] Checked if tokens are valid: true, expires at: 1752861822110
[debug] [2025-07-18T17:06:38.299Z] >>> [apiv2][query] GET https://firebase.googleapis.com/v1beta1/projects/my-portfolio-fff3e [none]
[debug] [2025-07-18T17:06:38.798Z] <<< [apiv2][status] GET https://firebase.googleapis.com/v1beta1/projects/my-portfolio-fff3e 200
[debug] [2025-07-18T17:06:38.798Z] <<< [apiv2][body] GET https://firebase.googleapis.com/v1beta1/projects/my-portfolio-fff3e {"projectId":"my-portfolio-fff3e","projectNumber":"17564265822","displayName":"my-portfolio","name":"projects/my-portfolio-fff3e","resources":{"hostingSite":"my-portfolio-fff3e"},"state":"ACTIVE","etag":"1_ce62a6b0-14ee-4626-a48a-1b0debb424d6"}
[info] 
[info] Your public directory is the folder (relative to your project directory) that
[info] will contain Hosting assets to be uploaded with firebase deploy. If you
[info] have a build process for your assets, use your build's output directory.
[info] 
[debug] [2025-07-18T17:19:45.250Z] >>> [apiv2][query] GET https://www.gstatic.com/firebasejs/releases.json [none]
[debug] [2025-07-18T17:19:56.335Z] *** [apiv2] error from fetch(https://www.gstatic.com/firebasejs/releases.json, {"headers":{},"method":"GET"}): FetchError: request to https://www.gstatic.com/firebasejs/releases.json failed, reason: getaddrinfo ENOTFOUND www.gstatic.com
[debug] [2025-07-18T17:20:01.360Z] Error: Timed out.
    at Timeout._onTimeout (C:\Users\dell\AppData\Roaming\npm\node_modules\firebase-tools\lib\utils.js:267:49)
    at listOnTimeout (node:internal/timers:594:17)
    at process.processTimers (node:internal/timers:529:7)
[error] 
[error] Error: An unexpected error has occurred.
